1593358727527:help
1593358753515:exit
1593358836257:help
1593358839248:exit
1593360756797:help
1593360838803:exit
1593360854003:help
1593360927008:lang
1593360953017:lang ru
1593360958018:lang fr
1593360964025:langhh
1593360971021:lang hh
1593361024035:lang ueort8454
1593361359346:lang
1593361870125:lang en
1593361953694:lang
1593362069231:lang en
1593362422294:lang
1593362428285:lang en
1593362433287:lang ty
1593362450396:lang
1593362455389:lang ru
1593362459390:lang ty
1593362465392:lang en
1593362472394:lang ty
1593362501575:lang en
1593362504565:lang ty
1593363160491:exit
